The system is: Linux - 3.10.0-1160.71.1.el7.x86_64 - x86_64
Compiling the C compiler identification source file "CMakeCCompilerId.c" succeeded.
Compiler: /usr/sepp/bin/gcc-7.2.0 
Build flags: 
Id flags:  

The output was:
0


Compilation of the C compiler identification source "CMakeCCompilerId.c" produced "a.out"

The C compiler identification is GNU, found in "/scratch2/msc24h6/RAJAPerf/docs/CMakeFiles/3.25.3/CompilerIdC/a.out"

Compiling the CXX compiler identification source file "CMakeCXXCompilerId.cpp" succeeded.
Compiler: /usr/sepp/bin/g++-7.2.0 
Build flags: 
Id flags:  

The output was:
0


Compilation of the CXX compiler identification source "CMakeCXXCompilerId.cpp" produced "a.out"

The CXX compiler identification is GNU, found in "/scratch2/msc24h6/RAJAPerf/docs/CMakeFiles/3.25.3/CompilerIdCXX/a.out"

Detecting C compiler ABI info compiled with the following output:
Change Dir: /scratch2/msc24h6/RAJAPerf/docs/CMakeFiles/CMakeScratch/TryCompile-Cny8n2

Run Build Command(s):/bin/gmake -f Makefile cmTC_61f6b/fast && /bin/gmake  -f CMakeFiles/cmTC_61f6b.dir/build.make CMakeFiles/cmTC_61f6b.dir/build
gmake[1]: Entering directory `/scratch2/msc24h6/RAJAPerf/docs/CMakeFiles/CMakeScratch/TryCompile-Cny8n2'
Building C object CMakeFiles/cmTC_61f6b.dir/CMakeCCompilerABI.c.o
/usr/sepp/bin/gcc-7.2.0   -v -o CMakeFiles/cmTC_61f6b.dir/CMakeCCompilerABI.c.o -c /scratch2/msc24h6/missing_x86_64_repos/cmake-3.25.3/Modules/CMakeCCompilerABI.c
Using built-in specs.
COLLECT_GCC=gcc
Target: x86_64-pc-linux-gnu
Configured with: ../gcc-7.2.0/configure --prefix=/usr/pack/gcc-7.2.0-af --exec-prefix=/usr/pack/gcc-7.2.0-af/linux-x64 --enable-threads --enable-languages=c,c++,fortran,go --enable-lto --disable-nls
Thread model: posix
gcc version 7.2.0 (GCC) 
COLLECT_GCC_OPTIONS='-v' '-o' 'CMakeFiles/cmTC_61f6b.dir/CMakeCCompilerABI.c.o' '-c' '-mtune=generic' '-march=x86-64'
 /usr/pack/gcc-7.2.0-af/linux-x64/libexec/gcc/x86_64-pc-linux-gnu/7.2.0/cc1 -quiet -v /scratch2/msc24h6/missing_x86_64_repos/cmake-3.25.3/Modules/CMakeCCompilerABI.c -quiet -dumpbase CMakeCCompilerABI.c -mtune=generic -march=x86-64 -auxbase-strip CMakeFiles/cmTC_61f6b.dir/CMakeCCompilerABI.c.o -version -o /tmp/ccOV9USa.s
GNU C11 (GCC) version 7.2.0 (x86_64-pc-linux-gnu)
	compiled by GNU C version 7.2.0, GMP version 6.1.0, MPFR version 3.1.4, MPC version 1.0.3, isl version isl-0.16.1-GMP

GGC heuristics: --param ggc-min-expand=100 --param ggc-min-heapsize=131072
ignoring nonexistent directory "/usr/pack/gcc-7.2.0-af/linux-x64/lib/gcc/x86_64-pc-linux-gnu/7.2.0/../../../../../x86_64-pc-linux-gnu/include"
#include "..." search starts here:
#include <...> search starts here:
 /usr/pack/gcc-7.2.0-af/linux-x64/lib/gcc/x86_64-pc-linux-gnu/7.2.0/include
 /usr/local/include
 /usr/pack/gcc-7.2.0-af/include
 /usr/pack/gcc-7.2.0-af/linux-x64/lib/gcc/x86_64-pc-linux-gnu/7.2.0/include-fixed
 /usr/include
End of search list.
GNU C11 (GCC) version 7.2.0 (x86_64-pc-linux-gnu)
	compiled by GNU C version 7.2.0, GMP version 6.1.0, MPFR version 3.1.4, MPC version 1.0.3, isl version isl-0.16.1-GMP

GGC heuristics: --param ggc-min-expand=100 --param ggc-min-heapsize=131072
Compiler executable checksum: ea011dee8b4e7bfcfd54361c38c048b3
COLLECT_GCC_OPTIONS='-v' '-o' 'CMakeFiles/cmTC_61f6b.dir/CMakeCCompilerABI.c.o' '-c' '-mtune=generic' '-march=x86-64'
 as -v --64 -o CMakeFiles/cmTC_61f6b.dir/CMakeCCompilerABI.c.o /tmp/ccOV9USa.s
GNU assembler version 2.27 (x86_64-redhat-linux) using BFD version version 2.27-44.base.el7_9.1
COMPILER_PATH=/usr/pack/gcc-7.2.0-af/linux-x64/libexec/gcc/x86_64-pc-linux-gnu/7.2.0/:/usr/pack/gcc-7.2.0-af/linux-x64/libexec/gcc/x86_64-pc-linux-gnu/7.2.0/:/usr/pack/gcc-7.2.0-af/linux-x64/libexec/gcc/x86_64-pc-linux-gnu/:/usr/pack/gcc-7.2.0-af/linux-x64/lib/gcc/x86_64-pc-linux-gnu/7.2.0/:/usr/pack/gcc-7.2.0-af/linux-x64/lib/gcc/x86_64-pc-linux-gnu/
LIBRARY_PATH=/usr/pack/gcc-7.2.0-af/linux-x64/lib/gcc/x86_64-pc-linux-gnu/7.2.0/:/usr/pack/gcc-7.2.0-af/linux-x64/lib/gcc/x86_64-pc-linux-gnu/7.2.0/../../../../lib64/:/lib/../lib64/:/usr/lib/../lib64/:/usr/pack/gcc-7.2.0-af/linux-x64/lib/gcc/x86_64-pc-linux-gnu/7.2.0/../../../:/lib/:/usr/lib/
COLLECT_GCC_OPTIONS='-v' '-o' 'CMakeFiles/cmTC_61f6b.dir/CMakeCCompilerABI.c.o' '-c' '-mtune=generic' '-march=x86-64'
Linking C executable cmTC_61f6b
/scratch2/msc24h6/missing_x86_64_repos/cmake-3.25.3/bin/cmake -E cmake_link_script CMakeFiles/cmTC_61f6b.dir/link.txt --verbose=1
/usr/sepp/bin/gcc-7.2.0  -v -rdynamic CMakeFiles/cmTC_61f6b.dir/CMakeCCompilerABI.c.o -o cmTC_61f6b 
Using built-in specs.
COLLECT_GCC=gcc
COLLECT_LTO_WRAPPER=/usr/pack/gcc-7.2.0-af/linux-x64/libexec/gcc/x86_64-pc-linux-gnu/7.2.0/lto-wrapper
Target: x86_64-pc-linux-gnu
Configured with: ../gcc-7.2.0/configure --prefix=/usr/pack/gcc-7.2.0-af --exec-prefix=/usr/pack/gcc-7.2.0-af/linux-x64 --enable-threads --enable-languages=c,c++,fortran,go --enable-lto --disable-nls
Thread model: posix
gcc version 7.2.0 (GCC) 
COMPILER_PATH=/usr/pack/gcc-7.2.0-af/linux-x64/libexec/gcc/x86_64-pc-linux-gnu/7.2.0/:/usr/pack/gcc-7.2.0-af/linux-x64/libexec/gcc/x86_64-pc-linux-gnu/7.2.0/:/usr/pack/gcc-7.2.0-af/linux-x64/libexec/gcc/x86_64-pc-linux-gnu/:/usr/pack/gcc-7.2.0-af/linux-x64/lib/gcc/x86_64-pc-linux-gnu/7.2.0/:/usr/pack/gcc-7.2.0-af/linux-x64/lib/gcc/x86_64-pc-linux-gnu/
LIBRARY_PATH=/usr/pack/gcc-7.2.0-af/linux-x64/lib/gcc/x86_64-pc-linux-gnu/7.2.0/:/usr/pack/gcc-7.2.0-af/linux-x64/lib/gcc/x86_64-pc-linux-gnu/7.2.0/../../../../lib64/:/lib/../lib64/:/usr/lib/../lib64/:/usr/pack/gcc-7.2.0-af/linux-x64/lib/gcc/x86_64-pc-linux-gnu/7.2.0/../../../:/lib/:/usr/lib/
COLLECT_GCC_OPTIONS='-v' '-rdynamic' '-o' 'cmTC_61f6b' '-mtune=generic' '-march=x86-64'
 /usr/pack/gcc-7.2.0-af/linux-x64/libexec/gcc/x86_64-pc-linux-gnu/7.2.0/collect2 --eh-frame-hdr -m elf_x86_64 -export-dynamic -dynamic-linker /lib64/ld-linux-x86-64.so.2 -o cmTC_61f6b /lib/../lib64/crt1.o /lib/../lib64/crti.o /usr/pack/gcc-7.2.0-af/linux-x64/lib/gcc/x86_64-pc-linux-gnu/7.2.0/crtbegin.o -L/usr/pack/gcc-7.2.0-af/linux-x64/lib/gcc/x86_64-pc-linux-gnu/7.2.0 -L/usr/pack/gcc-7.2.0-af/linux-x64/lib/gcc/x86_64-pc-linux-gnu/7.2.0/../../../../lib64 -L/lib/../lib64 -L/usr/lib/../lib64 -L/usr/pack/gcc-7.2.0-af/linux-x64/lib/gcc/x86_64-pc-linux-gnu/7.2.0/../../.. CMakeFiles/cmTC_61f6b.dir/CMakeCCompilerABI.c.o -lgcc --as-needed -lgcc_s --no-as-needed -lc -lgcc --as-needed -lgcc_s --no-as-needed /usr/pack/gcc-7.2.0-af/linux-x64/lib/gcc/x86_64-pc-linux-gnu/7.2.0/crtend.o /lib/../lib64/crtn.o
COLLECT_GCC_OPTIONS='-v' '-rdynamic' '-o' 'cmTC_61f6b' '-mtune=generic' '-march=x86-64'
gmake[1]: Leaving directory `/scratch2/msc24h6/RAJAPerf/docs/CMakeFiles/CMakeScratch/TryCompile-Cny8n2'



Parsed C implicit include dir info from above output: rv=done
  found start of include info
  found start of implicit include info
    add: [/usr/pack/gcc-7.2.0-af/linux-x64/lib/gcc/x86_64-pc-linux-gnu/7.2.0/include]
    add: [/usr/local/include]
    add: [/usr/pack/gcc-7.2.0-af/include]
    add: [/usr/pack/gcc-7.2.0-af/linux-x64/lib/gcc/x86_64-pc-linux-gnu/7.2.0/include-fixed]
    add: [/usr/include]
  end of search list found
  collapse include dir [/usr/pack/gcc-7.2.0-af/linux-x64/lib/gcc/x86_64-pc-linux-gnu/7.2.0/include] ==> [/usr/pack/gcc-7.2.0-af/linux-x64/lib/gcc/x86_64-pc-linux-gnu/7.2.0/include]
  collapse include dir [/usr/local/include] ==> [/usr/local/include]
  collapse include dir [/usr/pack/gcc-7.2.0-af/include] ==> [/usr/pack/gcc-7.2.0-af/include]
  collapse include dir [/usr/pack/gcc-7.2.0-af/linux-x64/lib/gcc/x86_64-pc-linux-gnu/7.2.0/include-fixed] ==> [/usr/pack/gcc-7.2.0-af/linux-x64/lib/gcc/x86_64-pc-linux-gnu/7.2.0/include-fixed]
  collapse include dir [/usr/include] ==> [/usr/include]
  implicit include dirs: [/usr/pack/gcc-7.2.0-af/linux-x64/lib/gcc/x86_64-pc-linux-gnu/7.2.0/include;/usr/local/include;/usr/pack/gcc-7.2.0-af/include;/usr/pack/gcc-7.2.0-af/linux-x64/lib/gcc/x86_64-pc-linux-gnu/7.2.0/include-fixed;/usr/include]


Parsed C implicit link information from above output:
  link line regex: [^( *|.*[/\])(ld|CMAKE_LINK_STARTFILE-NOTFOUND|([^/\]+-)?ld|collect2)[^/\]*( |$)]
  ignore line: [Change Dir: /scratch2/msc24h6/RAJAPerf/docs/CMakeFiles/CMakeScratch/TryCompile-Cny8n2]
  ignore line: []
  ignore line: [Run Build Command(s):/bin/gmake -f Makefile cmTC_61f6b/fast && /bin/gmake  -f CMakeFiles/cmTC_61f6b.dir/build.make CMakeFiles/cmTC_61f6b.dir/build]
  ignore line: [gmake[1]: Entering directory `/scratch2/msc24h6/RAJAPerf/docs/CMakeFiles/CMakeScratch/TryCompile-Cny8n2']
  ignore line: [Building C object CMakeFiles/cmTC_61f6b.dir/CMakeCCompilerABI.c.o]
  ignore line: [/usr/sepp/bin/gcc-7.2.0   -v -o CMakeFiles/cmTC_61f6b.dir/CMakeCCompilerABI.c.o -c /scratch2/msc24h6/missing_x86_64_repos/cmake-3.25.3/Modules/CMakeCCompilerABI.c]
  ignore line: [Using built-in specs.]
  ignore line: [COLLECT_GCC=gcc]
  ignore line: [Target: x86_64-pc-linux-gnu]
  ignore line: [Configured with: ../gcc-7.2.0/configure --prefix=/usr/pack/gcc-7.2.0-af --exec-prefix=/usr/pack/gcc-7.2.0-af/linux-x64 --enable-threads --enable-languages=c c++ fortran go --enable-lto --disable-nls]
  ignore line: [Thread model: posix]
  ignore line: [gcc version 7.2.0 (GCC) ]
  ignore line: [COLLECT_GCC_OPTIONS='-v' '-o' 'CMakeFiles/cmTC_61f6b.dir/CMakeCCompilerABI.c.o' '-c' '-mtune=generic' '-march=x86-64']
  ignore line: [ /usr/pack/gcc-7.2.0-af/linux-x64/libexec/gcc/x86_64-pc-linux-gnu/7.2.0/cc1 -quiet -v /scratch2/msc24h6/missing_x86_64_repos/cmake-3.25.3/Modules/CMakeCCompilerABI.c -quiet -dumpbase CMakeCCompilerABI.c -mtune=generic -march=x86-64 -auxbase-strip CMakeFiles/cmTC_61f6b.dir/CMakeCCompilerABI.c.o -version -o /tmp/ccOV9USa.s]
  ignore line: [GNU C11 (GCC) version 7.2.0 (x86_64-pc-linux-gnu)]
  ignore line: [	compiled by GNU C version 7.2.0  GMP version 6.1.0  MPFR version 3.1.4  MPC version 1.0.3  isl version isl-0.16.1-GMP]
  ignore line: []
  ignore line: [GGC heuristics: --param ggc-min-expand=100 --param ggc-min-heapsize=131072]
  ignore line: [ignoring nonexistent directory "/usr/pack/gcc-7.2.0-af/linux-x64/lib/gcc/x86_64-pc-linux-gnu/7.2.0/../../../../../x86_64-pc-linux-gnu/include"]
  ignore line: [#include "..." search starts here:]
  ignore line: [#include <...> search starts here:]
  ignore line: [ /usr/pack/gcc-7.2.0-af/linux-x64/lib/gcc/x86_64-pc-linux-gnu/7.2.0/include]
  ignore line: [ /usr/local/include]
  ignore line: [ /usr/pack/gcc-7.2.0-af/include]
  ignore line: [ /usr/pack/gcc-7.2.0-af/linux-x64/lib/gcc/x86_64-pc-linux-gnu/7.2.0/include-fixed]
  ignore line: [ /usr/include]
  ignore line: [End of search list.]
  ignore line: [GNU C11 (GCC) version 7.2.0 (x86_64-pc-linux-gnu)]
  ignore line: [	compiled by GNU C version 7.2.0  GMP version 6.1.0  MPFR version 3.1.4  MPC version 1.0.3  isl version isl-0.16.1-GMP]
  ignore line: []
  ignore line: [GGC heuristics: --param ggc-min-expand=100 --param ggc-min-heapsize=131072]
  ignore line: [Compiler executable checksum: ea011dee8b4e7bfcfd54361c38c048b3]
  ignore line: [COLLECT_GCC_OPTIONS='-v' '-o' 'CMakeFiles/cmTC_61f6b.dir/CMakeCCompilerABI.c.o' '-c' '-mtune=generic' '-march=x86-64']
  ignore line: [ as -v --64 -o CMakeFiles/cmTC_61f6b.dir/CMakeCCompilerABI.c.o /tmp/ccOV9USa.s]
  ignore line: [GNU assembler version 2.27 (x86_64-redhat-linux) using BFD version version 2.27-44.base.el7_9.1]
  ignore line: [COMPILER_PATH=/usr/pack/gcc-7.2.0-af/linux-x64/libexec/gcc/x86_64-pc-linux-gnu/7.2.0/:/usr/pack/gcc-7.2.0-af/linux-x64/libexec/gcc/x86_64-pc-linux-gnu/7.2.0/:/usr/pack/gcc-7.2.0-af/linux-x64/libexec/gcc/x86_64-pc-linux-gnu/:/usr/pack/gcc-7.2.0-af/linux-x64/lib/gcc/x86_64-pc-linux-gnu/7.2.0/:/usr/pack/gcc-7.2.0-af/linux-x64/lib/gcc/x86_64-pc-linux-gnu/]
  ignore line: [LIBRARY_PATH=/usr/pack/gcc-7.2.0-af/linux-x64/lib/gcc/x86_64-pc-linux-gnu/7.2.0/:/usr/pack/gcc-7.2.0-af/linux-x64/lib/gcc/x86_64-pc-linux-gnu/7.2.0/../../../../lib64/:/lib/../lib64/:/usr/lib/../lib64/:/usr/pack/gcc-7.2.0-af/linux-x64/lib/gcc/x86_64-pc-linux-gnu/7.2.0/../../../:/lib/:/usr/lib/]
  ignore line: [COLLECT_GCC_OPTIONS='-v' '-o' 'CMakeFiles/cmTC_61f6b.dir/CMakeCCompilerABI.c.o' '-c' '-mtune=generic' '-march=x86-64']
  ignore line: [Linking C executable cmTC_61f6b]
  ignore line: [/scratch2/msc24h6/missing_x86_64_repos/cmake-3.25.3/bin/cmake -E cmake_link_script CMakeFiles/cmTC_61f6b.dir/link.txt --verbose=1]
  ignore line: [/usr/sepp/bin/gcc-7.2.0  -v -rdynamic CMakeFiles/cmTC_61f6b.dir/CMakeCCompilerABI.c.o -o cmTC_61f6b ]
  ignore line: [Using built-in specs.]
  ignore line: [COLLECT_GCC=gcc]
  ignore line: [COLLECT_LTO_WRAPPER=/usr/pack/gcc-7.2.0-af/linux-x64/libexec/gcc/x86_64-pc-linux-gnu/7.2.0/lto-wrapper]
  ignore line: [Target: x86_64-pc-linux-gnu]
  ignore line: [Configured with: ../gcc-7.2.0/configure --prefix=/usr/pack/gcc-7.2.0-af --exec-prefix=/usr/pack/gcc-7.2.0-af/linux-x64 --enable-threads --enable-languages=c c++ fortran go --enable-lto --disable-nls]
  ignore line: [Thread model: posix]
  ignore line: [gcc version 7.2.0 (GCC) ]
  ignore line: [COMPILER_PATH=/usr/pack/gcc-7.2.0-af/linux-x64/libexec/gcc/x86_64-pc-linux-gnu/7.2.0/:/usr/pack/gcc-7.2.0-af/linux-x64/libexec/gcc/x86_64-pc-linux-gnu/7.2.0/:/usr/pack/gcc-7.2.0-af/linux-x64/libexec/gcc/x86_64-pc-linux-gnu/:/usr/pack/gcc-7.2.0-af/linux-x64/lib/gcc/x86_64-pc-linux-gnu/7.2.0/:/usr/pack/gcc-7.2.0-af/linux-x64/lib/gcc/x86_64-pc-linux-gnu/]
  ignore line: [LIBRARY_PATH=/usr/pack/gcc-7.2.0-af/linux-x64/lib/gcc/x86_64-pc-linux-gnu/7.2.0/:/usr/pack/gcc-7.2.0-af/linux-x64/lib/gcc/x86_64-pc-linux-gnu/7.2.0/../../../../lib64/:/lib/../lib64/:/usr/lib/../lib64/:/usr/pack/gcc-7.2.0-af/linux-x64/lib/gcc/x86_64-pc-linux-gnu/7.2.0/../../../:/lib/:/usr/lib/]
  ignore line: [COLLECT_GCC_OPTIONS='-v' '-rdynamic' '-o' 'cmTC_61f6b' '-mtune=generic' '-march=x86-64']
  link line: [ /usr/pack/gcc-7.2.0-af/linux-x64/libexec/gcc/x86_64-pc-linux-gnu/7.2.0/collect2 --eh-frame-hdr -m elf_x86_64 -export-dynamic -dynamic-linker /lib64/ld-linux-x86-64.so.2 -o cmTC_61f6b /lib/../lib64/crt1.o /lib/../lib64/crti.o /usr/pack/gcc-7.2.0-af/linux-x64/lib/gcc/x86_64-pc-linux-gnu/7.2.0/crtbegin.o -L/usr/pack/gcc-7.2.0-af/linux-x64/lib/gcc/x86_64-pc-linux-gnu/7.2.0 -L/usr/pack/gcc-7.2.0-af/linux-x64/lib/gcc/x86_64-pc-linux-gnu/7.2.0/../../../../lib64 -L/lib/../lib64 -L/usr/lib/../lib64 -L/usr/pack/gcc-7.2.0-af/linux-x64/lib/gcc/x86_64-pc-linux-gnu/7.2.0/../../.. CMakeFiles/cmTC_61f6b.dir/CMakeCCompilerABI.c.o -lgcc --as-needed -lgcc_s --no-as-needed -lc -lgcc --as-needed -lgcc_s --no-as-needed /usr/pack/gcc-7.2.0-af/linux-x64/lib/gcc/x86_64-pc-linux-gnu/7.2.0/crtend.o /lib/../lib64/crtn.o]
    arg [/usr/pack/gcc-7.2.0-af/linux-x64/libexec/gcc/x86_64-pc-linux-gnu/7.2.0/collect2] ==> ignore
    arg [--eh-frame-hdr] ==> ignore
    arg [-m] ==> ignore
    arg [elf_x86_64] ==> ignore
    arg [-export-dynamic] ==> ignore
    arg [-dynamic-linker] ==> ignore
    arg [/lib64/ld-linux-x86-64.so.2] ==> ignore
    arg [-o] ==> ignore
    arg [cmTC_61f6b] ==> ignore
    arg [/lib/../lib64/crt1.o] ==> obj [/lib/../lib64/crt1.o]
    arg [/lib/../lib64/crti.o] ==> obj [/lib/../lib64/crti.o]
    arg [/usr/pack/gcc-7.2.0-af/linux-x64/lib/gcc/x86_64-pc-linux-gnu/7.2.0/crtbegin.o] ==> obj [/usr/pack/gcc-7.2.0-af/linux-x64/lib/gcc/x86_64-pc-linux-gnu/7.2.0/crtbegin.o]
    arg [-L/usr/pack/gcc-7.2.0-af/linux-x64/lib/gcc/x86_64-pc-linux-gnu/7.2.0] ==> dir [/usr/pack/gcc-7.2.0-af/linux-x64/lib/gcc/x86_64-pc-linux-gnu/7.2.0]
    arg [-L/usr/pack/gcc-7.2.0-af/linux-x64/lib/gcc/x86_64-pc-linux-gnu/7.2.0/../../../../lib64] ==> dir [/usr/pack/gcc-7.2.0-af/linux-x64/lib/gcc/x86_64-pc-linux-gnu/7.2.0/../../../../lib64]
    arg [-L/lib/../lib64] ==> dir [/lib/../lib64]
    arg [-L/usr/lib/../lib64] ==> dir [/usr/lib/../lib64]
    arg [-L/usr/pack/gcc-7.2.0-af/linux-x64/lib/gcc/x86_64-pc-linux-gnu/7.2.0/../../..] ==> dir [/usr/pack/gcc-7.2.0-af/linux-x64/lib/gcc/x86_64-pc-linux-gnu/7.2.0/../../..]
    arg [CMakeFiles/cmTC_61f6b.dir/CMakeCCompilerABI.c.o] ==> ignore
    arg [-lgcc] ==> lib [gcc]
    arg [--as-needed] ==> ignore
    arg [-lgcc_s] ==> lib [gcc_s]
    arg [--no-as-needed] ==> ignore
    arg [-lc] ==> lib [c]
    arg [-lgcc] ==> lib [gcc]
    arg [--as-needed] ==> ignore
    arg [-lgcc_s] ==> lib [gcc_s]
    arg [--no-as-needed] ==> ignore
    arg [/usr/pack/gcc-7.2.0-af/linux-x64/lib/gcc/x86_64-pc-linux-gnu/7.2.0/crtend.o] ==> obj [/usr/pack/gcc-7.2.0-af/linux-x64/lib/gcc/x86_64-pc-linux-gnu/7.2.0/crtend.o]
    arg [/lib/../lib64/crtn.o] ==> obj [/lib/../lib64/crtn.o]
  collapse obj [/lib/../lib64/crt1.o] ==> [/lib64/crt1.o]
  collapse obj [/lib/../lib64/crti.o] ==> [/lib64/crti.o]
  collapse obj [/lib/../lib64/crtn.o] ==> [/lib64/crtn.o]
  collapse library dir [/usr/pack/gcc-7.2.0-af/linux-x64/lib/gcc/x86_64-pc-linux-gnu/7.2.0] ==> [/usr/pack/gcc-7.2.0-af/linux-x64/lib/gcc/x86_64-pc-linux-gnu/7.2.0]
  collapse library dir [/usr/pack/gcc-7.2.0-af/linux-x64/lib/gcc/x86_64-pc-linux-gnu/7.2.0/../../../../lib64] ==> [/usr/pack/gcc-7.2.0-af/linux-x64/lib64]
  collapse library dir [/lib/../lib64] ==> [/lib64]
  collapse library dir [/usr/lib/../lib64] ==> [/usr/lib64]
  collapse library dir [/usr/pack/gcc-7.2.0-af/linux-x64/lib/gcc/x86_64-pc-linux-gnu/7.2.0/../../..] ==> [/usr/pack/gcc-7.2.0-af/linux-x64/lib]
  implicit libs: [gcc;gcc_s;c;gcc;gcc_s]
  implicit objs: [/lib64/crt1.o;/lib64/crti.o;/usr/pack/gcc-7.2.0-af/linux-x64/lib/gcc/x86_64-pc-linux-gnu/7.2.0/crtbegin.o;/usr/pack/gcc-7.2.0-af/linux-x64/lib/gcc/x86_64-pc-linux-gnu/7.2.0/crtend.o;/lib64/crtn.o]
  implicit dirs: [/usr/pack/gcc-7.2.0-af/linux-x64/lib/gcc/x86_64-pc-linux-gnu/7.2.0;/usr/pack/gcc-7.2.0-af/linux-x64/lib64;/lib64;/usr/lib64;/usr/pack/gcc-7.2.0-af/linux-x64/lib]
  implicit fwks: []


Detecting CXX compiler ABI info compiled with the following output:
Change Dir: /scratch2/msc24h6/RAJAPerf/docs/CMakeFiles/CMakeScratch/TryCompile-hlbI7d

Run Build Command(s):/bin/gmake -f Makefile cmTC_b3c3b/fast && /bin/gmake  -f CMakeFiles/cmTC_b3c3b.dir/build.make CMakeFiles/cmTC_b3c3b.dir/build
gmake[1]: Entering directory `/scratch2/msc24h6/RAJAPerf/docs/CMakeFiles/CMakeScratch/TryCompile-hlbI7d'
Building CXX object CMakeFiles/cmTC_b3c3b.dir/CMakeCXXCompilerABI.cpp.o
/usr/sepp/bin/g++-7.2.0   -v -o CMakeFiles/cmTC_b3c3b.dir/CMakeCXXCompilerABI.cpp.o -c /scratch2/msc24h6/missing_x86_64_repos/cmake-3.25.3/Modules/CMakeCXXCompilerABI.cpp
Using built-in specs.
COLLECT_GCC=g++
Target: x86_64-pc-linux-gnu
Configured with: ../gcc-7.2.0/configure --prefix=/usr/pack/gcc-7.2.0-af --exec-prefix=/usr/pack/gcc-7.2.0-af/linux-x64 --enable-threads --enable-languages=c,c++,fortran,go --enable-lto --disable-nls
Thread model: posix
gcc version 7.2.0 (GCC) 
COLLECT_GCC_OPTIONS='-v' '-o' 'CMakeFiles/cmTC_b3c3b.dir/CMakeCXXCompilerABI.cpp.o' '-c' '-shared-libgcc' '-mtune=generic' '-march=x86-64'
 /usr/pack/gcc-7.2.0-af/linux-x64/libexec/gcc/x86_64-pc-linux-gnu/7.2.0/cc1plus -quiet -v -D_GNU_SOURCE /scratch2/msc24h6/missing_x86_64_repos/cmake-3.25.3/Modules/CMakeCXXCompilerABI.cpp -quiet -dumpbase CMakeCXXCompilerABI.cpp -mtune=generic -march=x86-64 -auxbase-strip CMakeFiles/cmTC_b3c3b.dir/CMakeCXXCompilerABI.cpp.o -version -o /tmp/ccN8Fzul.s
GNU C++14 (GCC) version 7.2.0 (x86_64-pc-linux-gnu)
	compiled by GNU C version 7.2.0, GMP version 6.1.0, MPFR version 3.1.4, MPC version 1.0.3, isl version isl-0.16.1-GMP

GGC heuristics: --param ggc-min-expand=100 --param ggc-min-heapsize=131072
ignoring nonexistent directory "/usr/pack/gcc-7.2.0-af/linux-x64/lib/gcc/x86_64-pc-linux-gnu/7.2.0/../../../../../x86_64-pc-linux-gnu/include"
#include "..." search starts here:
#include <...> search starts here:
 /usr/pack/gcc-7.2.0-af/linux-x64/lib/gcc/x86_64-pc-linux-gnu/7.2.0/../../../../../include/c++/7.2.0
 /usr/pack/gcc-7.2.0-af/linux-x64/lib/gcc/x86_64-pc-linux-gnu/7.2.0/../../../../../include/c++/7.2.0/x86_64-pc-linux-gnu
 /usr/pack/gcc-7.2.0-af/linux-x64/lib/gcc/x86_64-pc-linux-gnu/7.2.0/../../../../../include/c++/7.2.0/backward
 /usr/pack/gcc-7.2.0-af/linux-x64/lib/gcc/x86_64-pc-linux-gnu/7.2.0/include
 /usr/local/include
 /usr/pack/gcc-7.2.0-af/include
 /usr/pack/gcc-7.2.0-af/linux-x64/lib/gcc/x86_64-pc-linux-gnu/7.2.0/include-fixed
 /usr/include
End of search list.
GNU C++14 (GCC) version 7.2.0 (x86_64-pc-linux-gnu)
	compiled by GNU C version 7.2.0, GMP version 6.1.0, MPFR version 3.1.4, MPC version 1.0.3, isl version isl-0.16.1-GMP

GGC heuristics: --param ggc-min-expand=100 --param ggc-min-heapsize=131072
Compiler executable checksum: c16bcaa9f88a194779fa7f1f98c7e574
COLLECT_GCC_OPTIONS='-v' '-o' 'CMakeFiles/cmTC_b3c3b.dir/CMakeCXXCompilerABI.cpp.o' '-c' '-shared-libgcc' '-mtune=generic' '-march=x86-64'
 as -v --64 -o CMakeFiles/cmTC_b3c3b.dir/CMakeCXXCompilerABI.cpp.o /tmp/ccN8Fzul.s
GNU assembler version 2.27 (x86_64-redhat-linux) using BFD version version 2.27-44.base.el7_9.1
COMPILER_PATH=/usr/pack/gcc-7.2.0-af/linux-x64/libexec/gcc/x86_64-pc-linux-gnu/7.2.0/:/usr/pack/gcc-7.2.0-af/linux-x64/libexec/gcc/x86_64-pc-linux-gnu/7.2.0/:/usr/pack/gcc-7.2.0-af/linux-x64/libexec/gcc/x86_64-pc-linux-gnu/:/usr/pack/gcc-7.2.0-af/linux-x64/lib/gcc/x86_64-pc-linux-gnu/7.2.0/:/usr/pack/gcc-7.2.0-af/linux-x64/lib/gcc/x86_64-pc-linux-gnu/
LIBRARY_PATH=/usr/pack/gcc-7.2.0-af/linux-x64/lib/gcc/x86_64-pc-linux-gnu/7.2.0/:/usr/pack/gcc-7.2.0-af/linux-x64/lib/gcc/x86_64-pc-linux-gnu/7.2.0/../../../../lib64/:/lib/../lib64/:/usr/lib/../lib64/:/usr/pack/gcc-7.2.0-af/linux-x64/lib/gcc/x86_64-pc-linux-gnu/7.2.0/../../../:/lib/:/usr/lib/
COLLECT_GCC_OPTIONS='-v' '-o' 'CMakeFiles/cmTC_b3c3b.dir/CMakeCXXCompilerABI.cpp.o' '-c' '-shared-libgcc' '-mtune=generic' '-march=x86-64'
Linking CXX executable cmTC_b3c3b
/scratch2/msc24h6/missing_x86_64_repos/cmake-3.25.3/bin/cmake -E cmake_link_script CMakeFiles/cmTC_b3c3b.dir/link.txt --verbose=1
/usr/sepp/bin/g++-7.2.0  -v -rdynamic CMakeFiles/cmTC_b3c3b.dir/CMakeCXXCompilerABI.cpp.o -o cmTC_b3c3b 
Using built-in specs.
COLLECT_GCC=g++
COLLECT_LTO_WRAPPER=/usr/pack/gcc-7.2.0-af/linux-x64/libexec/gcc/x86_64-pc-linux-gnu/7.2.0/lto-wrapper
Target: x86_64-pc-linux-gnu
Configured with: ../gcc-7.2.0/configure --prefix=/usr/pack/gcc-7.2.0-af --exec-prefix=/usr/pack/gcc-7.2.0-af/linux-x64 --enable-threads --enable-languages=c,c++,fortran,go --enable-lto --disable-nls
Thread model: posix
gcc version 7.2.0 (GCC) 
COMPILER_PATH=/usr/pack/gcc-7.2.0-af/linux-x64/libexec/gcc/x86_64-pc-linux-gnu/7.2.0/:/usr/pack/gcc-7.2.0-af/linux-x64/libexec/gcc/x86_64-pc-linux-gnu/7.2.0/:/usr/pack/gcc-7.2.0-af/linux-x64/libexec/gcc/x86_64-pc-linux-gnu/:/usr/pack/gcc-7.2.0-af/linux-x64/lib/gcc/x86_64-pc-linux-gnu/7.2.0/:/usr/pack/gcc-7.2.0-af/linux-x64/lib/gcc/x86_64-pc-linux-gnu/
LIBRARY_PATH=/usr/pack/gcc-7.2.0-af/linux-x64/lib/gcc/x86_64-pc-linux-gnu/7.2.0/:/usr/pack/gcc-7.2.0-af/linux-x64/lib/gcc/x86_64-pc-linux-gnu/7.2.0/../../../../lib64/:/lib/../lib64/:/usr/lib/../lib64/:/usr/pack/gcc-7.2.0-af/linux-x64/lib/gcc/x86_64-pc-linux-gnu/7.2.0/../../../:/lib/:/usr/lib/
COLLECT_GCC_OPTIONS='-v' '-rdynamic' '-o' 'cmTC_b3c3b' '-shared-libgcc' '-mtune=generic' '-march=x86-64'
 /usr/pack/gcc-7.2.0-af/linux-x64/libexec/gcc/x86_64-pc-linux-gnu/7.2.0/collect2 --eh-frame-hdr -m elf_x86_64 -export-dynamic -dynamic-linker /lib64/ld-linux-x86-64.so.2 -o cmTC_b3c3b /lib/../lib64/crt1.o /lib/../lib64/crti.o /usr/pack/gcc-7.2.0-af/linux-x64/lib/gcc/x86_64-pc-linux-gnu/7.2.0/crtbegin.o -L/usr/pack/gcc-7.2.0-af/linux-x64/lib/gcc/x86_64-pc-linux-gnu/7.2.0 -L/usr/pack/gcc-7.2.0-af/linux-x64/lib/gcc/x86_64-pc-linux-gnu/7.2.0/../../../../lib64 -L/lib/../lib64 -L/usr/lib/../lib64 -L/usr/pack/gcc-7.2.0-af/linux-x64/lib/gcc/x86_64-pc-linux-gnu/7.2.0/../../.. CMakeFiles/cmTC_b3c3b.dir/CMakeCXXCompilerABI.cpp.o -lstdc++ -lm -lgcc_s -lgcc -lc -lgcc_s -lgcc /usr/pack/gcc-7.2.0-af/linux-x64/lib/gcc/x86_64-pc-linux-gnu/7.2.0/crtend.o /lib/../lib64/crtn.o
COLLECT_GCC_OPTIONS='-v' '-rdynamic' '-o' 'cmTC_b3c3b' '-shared-libgcc' '-mtune=generic' '-march=x86-64'
gmake[1]: Leaving directory `/scratch2/msc24h6/RAJAPerf/docs/CMakeFiles/CMakeScratch/TryCompile-hlbI7d'



Parsed CXX implicit include dir info from above output: rv=done
  found start of include info
  found start of implicit include info
    add: [/usr/pack/gcc-7.2.0-af/linux-x64/lib/gcc/x86_64-pc-linux-gnu/7.2.0/../../../../../include/c++/7.2.0]
    add: [/usr/pack/gcc-7.2.0-af/linux-x64/lib/gcc/x86_64-pc-linux-gnu/7.2.0/../../../../../include/c++/7.2.0/x86_64-pc-linux-gnu]
    add: [/usr/pack/gcc-7.2.0-af/linux-x64/lib/gcc/x86_64-pc-linux-gnu/7.2.0/../../../../../include/c++/7.2.0/backward]
    add: [/usr/pack/gcc-7.2.0-af/linux-x64/lib/gcc/x86_64-pc-linux-gnu/7.2.0/include]
    add: [/usr/local/include]
    add: [/usr/pack/gcc-7.2.0-af/include]
    add: [/usr/pack/gcc-7.2.0-af/linux-x64/lib/gcc/x86_64-pc-linux-gnu/7.2.0/include-fixed]
    add: [/usr/include]
  end of search list found
  collapse include dir [/usr/pack/gcc-7.2.0-af/linux-x64/lib/gcc/x86_64-pc-linux-gnu/7.2.0/../../../../../include/c++/7.2.0] ==> [/usr/pack/gcc-7.2.0-af/include/c++/7.2.0]
  collapse include dir [/usr/pack/gcc-7.2.0-af/linux-x64/lib/gcc/x86_64-pc-linux-gnu/7.2.0/../../../../../include/c++/7.2.0/x86_64-pc-linux-gnu] ==> [/usr/pack/gcc-7.2.0-af/include/c++/7.2.0/x86_64-pc-linux-gnu]
  collapse include dir [/usr/pack/gcc-7.2.0-af/linux-x64/lib/gcc/x86_64-pc-linux-gnu/7.2.0/../../../../../include/c++/7.2.0/backward] ==> [/usr/pack/gcc-7.2.0-af/include/c++/7.2.0/backward]
  collapse include dir [/usr/pack/gcc-7.2.0-af/linux-x64/lib/gcc/x86_64-pc-linux-gnu/7.2.0/include] ==> [/usr/pack/gcc-7.2.0-af/linux-x64/lib/gcc/x86_64-pc-linux-gnu/7.2.0/include]
  collapse include dir [/usr/local/include] ==> [/usr/local/include]
  collapse include dir [/usr/pack/gcc-7.2.0-af/include] ==> [/usr/pack/gcc-7.2.0-af/include]
  collapse include dir [/usr/pack/gcc-7.2.0-af/linux-x64/lib/gcc/x86_64-pc-linux-gnu/7.2.0/include-fixed] ==> [/usr/pack/gcc-7.2.0-af/linux-x64/lib/gcc/x86_64-pc-linux-gnu/7.2.0/include-fixed]
  collapse include dir [/usr/include] ==> [/usr/include]
  implicit include dirs: [/usr/pack/gcc-7.2.0-af/include/c++/7.2.0;/usr/pack/gcc-7.2.0-af/include/c++/7.2.0/x86_64-pc-linux-gnu;/usr/pack/gcc-7.2.0-af/include/c++/7.2.0/backward;/usr/pack/gcc-7.2.0-af/linux-x64/lib/gcc/x86_64-pc-linux-gnu/7.2.0/include;/usr/local/include;/usr/pack/gcc-7.2.0-af/include;/usr/pack/gcc-7.2.0-af/linux-x64/lib/gcc/x86_64-pc-linux-gnu/7.2.0/include-fixed;/usr/include]


Parsed CXX implicit link information from above output:
  link line regex: [^( *|.*[/\])(ld|CMAKE_LINK_STARTFILE-NOTFOUND|([^/\]+-)?ld|collect2)[^/\]*( |$)]
  ignore line: [Change Dir: /scratch2/msc24h6/RAJAPerf/docs/CMakeFiles/CMakeScratch/TryCompile-hlbI7d]
  ignore line: []
  ignore line: [Run Build Command(s):/bin/gmake -f Makefile cmTC_b3c3b/fast && /bin/gmake  -f CMakeFiles/cmTC_b3c3b.dir/build.make CMakeFiles/cmTC_b3c3b.dir/build]
  ignore line: [gmake[1]: Entering directory `/scratch2/msc24h6/RAJAPerf/docs/CMakeFiles/CMakeScratch/TryCompile-hlbI7d']
  ignore line: [Building CXX object CMakeFiles/cmTC_b3c3b.dir/CMakeCXXCompilerABI.cpp.o]
  ignore line: [/usr/sepp/bin/g++-7.2.0   -v -o CMakeFiles/cmTC_b3c3b.dir/CMakeCXXCompilerABI.cpp.o -c /scratch2/msc24h6/missing_x86_64_repos/cmake-3.25.3/Modules/CMakeCXXCompilerABI.cpp]
  ignore line: [Using built-in specs.]
  ignore line: [COLLECT_GCC=g++]
  ignore line: [Target: x86_64-pc-linux-gnu]
  ignore line: [Configured with: ../gcc-7.2.0/configure --prefix=/usr/pack/gcc-7.2.0-af --exec-prefix=/usr/pack/gcc-7.2.0-af/linux-x64 --enable-threads --enable-languages=c c++ fortran go --enable-lto --disable-nls]
  ignore line: [Thread model: posix]
  ignore line: [gcc version 7.2.0 (GCC) ]
  ignore line: [COLLECT_GCC_OPTIONS='-v' '-o' 'CMakeFiles/cmTC_b3c3b.dir/CMakeCXXCompilerABI.cpp.o' '-c' '-shared-libgcc' '-mtune=generic' '-march=x86-64']
  ignore line: [ /usr/pack/gcc-7.2.0-af/linux-x64/libexec/gcc/x86_64-pc-linux-gnu/7.2.0/cc1plus -quiet -v -D_GNU_SOURCE /scratch2/msc24h6/missing_x86_64_repos/cmake-3.25.3/Modules/CMakeCXXCompilerABI.cpp -quiet -dumpbase CMakeCXXCompilerABI.cpp -mtune=generic -march=x86-64 -auxbase-strip CMakeFiles/cmTC_b3c3b.dir/CMakeCXXCompilerABI.cpp.o -version -o /tmp/ccN8Fzul.s]
  ignore line: [GNU C++14 (GCC) version 7.2.0 (x86_64-pc-linux-gnu)]
  ignore line: [	compiled by GNU C version 7.2.0  GMP version 6.1.0  MPFR version 3.1.4  MPC version 1.0.3  isl version isl-0.16.1-GMP]
  ignore line: []
  ignore line: [GGC heuristics: --param ggc-min-expand=100 --param ggc-min-heapsize=131072]
  ignore line: [ignoring nonexistent directory "/usr/pack/gcc-7.2.0-af/linux-x64/lib/gcc/x86_64-pc-linux-gnu/7.2.0/../../../../../x86_64-pc-linux-gnu/include"]
  ignore line: [#include "..." search starts here:]
  ignore line: [#include <...> search starts here:]
  ignore line: [ /usr/pack/gcc-7.2.0-af/linux-x64/lib/gcc/x86_64-pc-linux-gnu/7.2.0/../../../../../include/c++/7.2.0]
  ignore line: [ /usr/pack/gcc-7.2.0-af/linux-x64/lib/gcc/x86_64-pc-linux-gnu/7.2.0/../../../../../include/c++/7.2.0/x86_64-pc-linux-gnu]
  ignore line: [ /usr/pack/gcc-7.2.0-af/linux-x64/lib/gcc/x86_64-pc-linux-gnu/7.2.0/../../../../../include/c++/7.2.0/backward]
  ignore line: [ /usr/pack/gcc-7.2.0-af/linux-x64/lib/gcc/x86_64-pc-linux-gnu/7.2.0/include]
  ignore line: [ /usr/local/include]
  ignore line: [ /usr/pack/gcc-7.2.0-af/include]
  ignore line: [ /usr/pack/gcc-7.2.0-af/linux-x64/lib/gcc/x86_64-pc-linux-gnu/7.2.0/include-fixed]
  ignore line: [ /usr/include]
  ignore line: [End of search list.]
  ignore line: [GNU C++14 (GCC) version 7.2.0 (x86_64-pc-linux-gnu)]
  ignore line: [	compiled by GNU C version 7.2.0  GMP version 6.1.0  MPFR version 3.1.4  MPC version 1.0.3  isl version isl-0.16.1-GMP]
  ignore line: []
  ignore line: [GGC heuristics: --param ggc-min-expand=100 --param ggc-min-heapsize=131072]
  ignore line: [Compiler executable checksum: c16bcaa9f88a194779fa7f1f98c7e574]
  ignore line: [COLLECT_GCC_OPTIONS='-v' '-o' 'CMakeFiles/cmTC_b3c3b.dir/CMakeCXXCompilerABI.cpp.o' '-c' '-shared-libgcc' '-mtune=generic' '-march=x86-64']
  ignore line: [ as -v --64 -o CMakeFiles/cmTC_b3c3b.dir/CMakeCXXCompilerABI.cpp.o /tmp/ccN8Fzul.s]
  ignore line: [GNU assembler version 2.27 (x86_64-redhat-linux) using BFD version version 2.27-44.base.el7_9.1]
  ignore line: [COMPILER_PATH=/usr/pack/gcc-7.2.0-af/linux-x64/libexec/gcc/x86_64-pc-linux-gnu/7.2.0/:/usr/pack/gcc-7.2.0-af/linux-x64/libexec/gcc/x86_64-pc-linux-gnu/7.2.0/:/usr/pack/gcc-7.2.0-af/linux-x64/libexec/gcc/x86_64-pc-linux-gnu/:/usr/pack/gcc-7.2.0-af/linux-x64/lib/gcc/x86_64-pc-linux-gnu/7.2.0/:/usr/pack/gcc-7.2.0-af/linux-x64/lib/gcc/x86_64-pc-linux-gnu/]
  ignore line: [LIBRARY_PATH=/usr/pack/gcc-7.2.0-af/linux-x64/lib/gcc/x86_64-pc-linux-gnu/7.2.0/:/usr/pack/gcc-7.2.0-af/linux-x64/lib/gcc/x86_64-pc-linux-gnu/7.2.0/../../../../lib64/:/lib/../lib64/:/usr/lib/../lib64/:/usr/pack/gcc-7.2.0-af/linux-x64/lib/gcc/x86_64-pc-linux-gnu/7.2.0/../../../:/lib/:/usr/lib/]
  ignore line: [COLLECT_GCC_OPTIONS='-v' '-o' 'CMakeFiles/cmTC_b3c3b.dir/CMakeCXXCompilerABI.cpp.o' '-c' '-shared-libgcc' '-mtune=generic' '-march=x86-64']
  ignore line: [Linking CXX executable cmTC_b3c3b]
  ignore line: [/scratch2/msc24h6/missing_x86_64_repos/cmake-3.25.3/bin/cmake -E cmake_link_script CMakeFiles/cmTC_b3c3b.dir/link.txt --verbose=1]
  ignore line: [/usr/sepp/bin/g++-7.2.0  -v -rdynamic CMakeFiles/cmTC_b3c3b.dir/CMakeCXXCompilerABI.cpp.o -o cmTC_b3c3b ]
  ignore line: [Using built-in specs.]
  ignore line: [COLLECT_GCC=g++]
  ignore line: [COLLECT_LTO_WRAPPER=/usr/pack/gcc-7.2.0-af/linux-x64/libexec/gcc/x86_64-pc-linux-gnu/7.2.0/lto-wrapper]
  ignore line: [Target: x86_64-pc-linux-gnu]
  ignore line: [Configured with: ../gcc-7.2.0/configure --prefix=/usr/pack/gcc-7.2.0-af --exec-prefix=/usr/pack/gcc-7.2.0-af/linux-x64 --enable-threads --enable-languages=c c++ fortran go --enable-lto --disable-nls]
  ignore line: [Thread model: posix]
  ignore line: [gcc version 7.2.0 (GCC) ]
  ignore line: [COMPILER_PATH=/usr/pack/gcc-7.2.0-af/linux-x64/libexec/gcc/x86_64-pc-linux-gnu/7.2.0/:/usr/pack/gcc-7.2.0-af/linux-x64/libexec/gcc/x86_64-pc-linux-gnu/7.2.0/:/usr/pack/gcc-7.2.0-af/linux-x64/libexec/gcc/x86_64-pc-linux-gnu/:/usr/pack/gcc-7.2.0-af/linux-x64/lib/gcc/x86_64-pc-linux-gnu/7.2.0/:/usr/pack/gcc-7.2.0-af/linux-x64/lib/gcc/x86_64-pc-linux-gnu/]
  ignore line: [LIBRARY_PATH=/usr/pack/gcc-7.2.0-af/linux-x64/lib/gcc/x86_64-pc-linux-gnu/7.2.0/:/usr/pack/gcc-7.2.0-af/linux-x64/lib/gcc/x86_64-pc-linux-gnu/7.2.0/../../../../lib64/:/lib/../lib64/:/usr/lib/../lib64/:/usr/pack/gcc-7.2.0-af/linux-x64/lib/gcc/x86_64-pc-linux-gnu/7.2.0/../../../:/lib/:/usr/lib/]
  ignore line: [COLLECT_GCC_OPTIONS='-v' '-rdynamic' '-o' 'cmTC_b3c3b' '-shared-libgcc' '-mtune=generic' '-march=x86-64']
  link line: [ /usr/pack/gcc-7.2.0-af/linux-x64/libexec/gcc/x86_64-pc-linux-gnu/7.2.0/collect2 --eh-frame-hdr -m elf_x86_64 -export-dynamic -dynamic-linker /lib64/ld-linux-x86-64.so.2 -o cmTC_b3c3b /lib/../lib64/crt1.o /lib/../lib64/crti.o /usr/pack/gcc-7.2.0-af/linux-x64/lib/gcc/x86_64-pc-linux-gnu/7.2.0/crtbegin.o -L/usr/pack/gcc-7.2.0-af/linux-x64/lib/gcc/x86_64-pc-linux-gnu/7.2.0 -L/usr/pack/gcc-7.2.0-af/linux-x64/lib/gcc/x86_64-pc-linux-gnu/7.2.0/../../../../lib64 -L/lib/../lib64 -L/usr/lib/../lib64 -L/usr/pack/gcc-7.2.0-af/linux-x64/lib/gcc/x86_64-pc-linux-gnu/7.2.0/../../.. CMakeFiles/cmTC_b3c3b.dir/CMakeCXXCompilerABI.cpp.o -lstdc++ -lm -lgcc_s -lgcc -lc -lgcc_s -lgcc /usr/pack/gcc-7.2.0-af/linux-x64/lib/gcc/x86_64-pc-linux-gnu/7.2.0/crtend.o /lib/../lib64/crtn.o]
    arg [/usr/pack/gcc-7.2.0-af/linux-x64/libexec/gcc/x86_64-pc-linux-gnu/7.2.0/collect2] ==> ignore
    arg [--eh-frame-hdr] ==> ignore
    arg [-m] ==> ignore
    arg [elf_x86_64] ==> ignore
    arg [-export-dynamic] ==> ignore
    arg [-dynamic-linker] ==> ignore
    arg [/lib64/ld-linux-x86-64.so.2] ==> ignore
    arg [-o] ==> ignore
    arg [cmTC_b3c3b] ==> ignore
    arg [/lib/../lib64/crt1.o] ==> obj [/lib/../lib64/crt1.o]
    arg [/lib/../lib64/crti.o] ==> obj [/lib/../lib64/crti.o]
    arg [/usr/pack/gcc-7.2.0-af/linux-x64/lib/gcc/x86_64-pc-linux-gnu/7.2.0/crtbegin.o] ==> obj [/usr/pack/gcc-7.2.0-af/linux-x64/lib/gcc/x86_64-pc-linux-gnu/7.2.0/crtbegin.o]
    arg [-L/usr/pack/gcc-7.2.0-af/linux-x64/lib/gcc/x86_64-pc-linux-gnu/7.2.0] ==> dir [/usr/pack/gcc-7.2.0-af/linux-x64/lib/gcc/x86_64-pc-linux-gnu/7.2.0]
    arg [-L/usr/pack/gcc-7.2.0-af/linux-x64/lib/gcc/x86_64-pc-linux-gnu/7.2.0/../../../../lib64] ==> dir [/usr/pack/gcc-7.2.0-af/linux-x64/lib/gcc/x86_64-pc-linux-gnu/7.2.0/../../../../lib64]
    arg [-L/lib/../lib64] ==> dir [/lib/../lib64]
    arg [-L/usr/lib/../lib64] ==> dir [/usr/lib/../lib64]
    arg [-L/usr/pack/gcc-7.2.0-af/linux-x64/lib/gcc/x86_64-pc-linux-gnu/7.2.0/../../..] ==> dir [/usr/pack/gcc-7.2.0-af/linux-x64/lib/gcc/x86_64-pc-linux-gnu/7.2.0/../../..]
    arg [CMakeFiles/cmTC_b3c3b.dir/CMakeCXXCompilerABI.cpp.o] ==> ignore
    arg [-lstdc++] ==> lib [stdc++]
    arg [-lm] ==> lib [m]
    arg [-lgcc_s] ==> lib [gcc_s]
    arg [-lgcc] ==> lib [gcc]
    arg [-lc] ==> lib [c]
    arg [-lgcc_s] ==> lib [gcc_s]
    arg [-lgcc] ==> lib [gcc]
    arg [/usr/pack/gcc-7.2.0-af/linux-x64/lib/gcc/x86_64-pc-linux-gnu/7.2.0/crtend.o] ==> obj [/usr/pack/gcc-7.2.0-af/linux-x64/lib/gcc/x86_64-pc-linux-gnu/7.2.0/crtend.o]
    arg [/lib/../lib64/crtn.o] ==> obj [/lib/../lib64/crtn.o]
  collapse obj [/lib/../lib64/crt1.o] ==> [/lib64/crt1.o]
  collapse obj [/lib/../lib64/crti.o] ==> [/lib64/crti.o]
  collapse obj [/lib/../lib64/crtn.o] ==> [/lib64/crtn.o]
  collapse library dir [/usr/pack/gcc-7.2.0-af/linux-x64/lib/gcc/x86_64-pc-linux-gnu/7.2.0] ==> [/usr/pack/gcc-7.2.0-af/linux-x64/lib/gcc/x86_64-pc-linux-gnu/7.2.0]
  collapse library dir [/usr/pack/gcc-7.2.0-af/linux-x64/lib/gcc/x86_64-pc-linux-gnu/7.2.0/../../../../lib64] ==> [/usr/pack/gcc-7.2.0-af/linux-x64/lib64]
  collapse library dir [/lib/../lib64] ==> [/lib64]
  collapse library dir [/usr/lib/../lib64] ==> [/usr/lib64]
  collapse library dir [/usr/pack/gcc-7.2.0-af/linux-x64/lib/gcc/x86_64-pc-linux-gnu/7.2.0/../../..] ==> [/usr/pack/gcc-7.2.0-af/linux-x64/lib]
  implicit libs: [stdc++;m;gcc_s;gcc;c;gcc_s;gcc]
  implicit objs: [/lib64/crt1.o;/lib64/crti.o;/usr/pack/gcc-7.2.0-af/linux-x64/lib/gcc/x86_64-pc-linux-gnu/7.2.0/crtbegin.o;/usr/pack/gcc-7.2.0-af/linux-x64/lib/gcc/x86_64-pc-linux-gnu/7.2.0/crtend.o;/lib64/crtn.o]
  implicit dirs: [/usr/pack/gcc-7.2.0-af/linux-x64/lib/gcc/x86_64-pc-linux-gnu/7.2.0;/usr/pack/gcc-7.2.0-af/linux-x64/lib64;/lib64;/usr/lib64;/usr/pack/gcc-7.2.0-af/linux-x64/lib]
  implicit fwks: []


